\BOOKMARK [1][-]{section.1}{Aims \046 Introduction}{}% 1
\BOOKMARK [1][-]{section.2}{Methods}{}% 2
\BOOKMARK [2][-]{subsection.2.1}{Algorithm}{section.2}% 3
\BOOKMARK [2][-]{subsection.2.2}{Derivation of Degree Distribution for Preferential Attachment}{section.2}% 4
\BOOKMARK [2][-]{subsection.2.3}{Derivations of Degree Distribution for Random Attachment}{section.2}% 5
\BOOKMARK [3][-]{subsubsection.2.3.1}{Method I}{subsection.2.3}% 6
\BOOKMARK [3][-]{subsubsection.2.3.2}{Method II}{subsection.2.3}% 7
\BOOKMARK [2][-]{subsection.2.4}{Largest Expected Degree for a Given Network Size}{section.2}% 8
\BOOKMARK [3][-]{subsubsection.2.4.1}{Preferential Attachment Case}{subsection.2.4}% 9
\BOOKMARK [3][-]{subsubsection.2.4.2}{Random Attachment Case}{subsection.2.4}% 10
\BOOKMARK [1][-]{section.3}{Results}{}% 11
\BOOKMARK [2][-]{subsection.3.1}{Preferential Attachment Case}{section.3}% 12
\BOOKMARK [3][-]{subsubsection.3.1.1}{Degree Distribution}{subsection.3.1}% 13
\BOOKMARK [3][-]{subsubsection.3.1.2}{Finite-Size effects}{subsection.3.1}% 14
\BOOKMARK [2][-]{subsection.3.2}{Random Attachment Case}{section.3}% 15
\BOOKMARK [3][-]{subsubsection.3.2.1}{Degree Distribution}{subsection.3.2}% 16
\BOOKMARK [3][-]{subsubsection.3.2.2}{Largest Degree}{subsection.3.2}% 17
\BOOKMARK [2][-]{subsection.3.3}{Random Walks}{section.3}% 18
\BOOKMARK [1][-]{section.4}{Discussion}{}% 19
\BOOKMARK [1][-]{section.5}{Conclusion}{}% 20
\BOOKMARK [1][-]{section.6}{Appendices}{}% 21
\BOOKMARK [2][-]{subsection.6.1}{Data Binning}{section.6}% 22
